<?xml version="1.0" encoding="UTF-8"?>
<testng-results ignored="0" total="3" passed="1" failed="1" skipped="1">
  <reporter-output>
    <line>
      <![CDATA[Test Actual Started]]>
    </line>
    <line>
      <![CDATA[Test Start]]>
    </line>
    <line>
      <![CDATA[Test Exicuted Succesfully]]>
    </line>
    <line>
      <![CDATA[Test Start]]>
    </line>
    <line>
      <![CDATA[This method is failed and take Screenshot :createUser]]>
    </line>
    <line>
      <![CDATA[Test Start]]>
    </line>
    <line>
      <![CDATA[Test Skip]]>
    </line>
    <line>
      <![CDATA[Test Finished]]>
    </line>
  </reporter-output>
  <suite started-at="2023-07-27T19:24:26 IST" name="Default suite" finished-at="2023-07-27T19:24:31 IST" duration-ms="5092">
    <groups>
    </groups>
    <test started-at="2023-07-27T19:24:26 IST" name="Default test" finished-at="2023-07-27T19:24:31 IST" duration-ms="5092">
      <class name="testNGpack3.TestCase">
        <test-method is-config="true" signature="setUp()[pri:0, instance:testNGpack3.TestCase@235ecd9f]" started-at="2023-07-27T19:24:26 IST" name="setUp" finished-at="2023-07-27T19:24:29 IST" duration-ms="2329" status="PASS">
          <reporter-output>
          </reporter-output>
        </test-method> <!-- setUp -->
        <test-method signature="loginMethod()[pri:0, instance:testNGpack3.TestCase@235ecd9f]" started-at="2023-07-27T19:24:29 IST" name="loginMethod" finished-at="2023-07-27T19:24:29 IST" duration-ms="280" status="PASS">
          <reporter-output>
            <line>
              <![CDATA[Test Start]]>
            </line>
            <line>
              <![CDATA[Test Exicuted Succesfully]]>
            </line>
          </reporter-output>
        </test-method> <!-- loginMethod -->
        <test-method is-config="true" signature="tearDown()[pri:0, instance:testNGpack3.TestCase@235ecd9f]" started-at="2023-07-27T19:24:29 IST" name="tearDown" finished-at="2023-07-27T19:24:29 IST" duration-ms="214" status="PASS">
          <reporter-output>
          </reporter-output>
        </test-method> <!-- tearDown -->
        <test-method is-config="true" signature="setUp()[pri:0, instance:testNGpack3.TestCase@235ecd9f]" started-at="2023-07-27T19:24:29 IST" name="setUp" finished-at="2023-07-27T19:24:30 IST" duration-ms="956" status="PASS">
          <reporter-output>
          </reporter-output>
        </test-method> <!-- setUp -->
        <test-method signature="createUser()[pri:0, instance:testNGpack3.TestCase@235ecd9f]" started-at="2023-07-27T19:24:30 IST" name="createUser" finished-at="2023-07-27T19:24:31 IST" depends-on-methods="testNGpack3.TestCase.loginMethod" duration-ms="828" status="FAIL">
          <exception class="org.openqa.selenium.InvalidSelectorException">
            <message>
              <![CDATA[invalid selector: Unable to locate an element with the xpath expression //div[text()='Users']ancestor::a/img because of the following error:
SyntaxError: Failed to execute 'evaluate' on 'Document': The string '//div[text()='Users']ancestor::a/img' is not a valid XPath expression.
  (Session info: chrome=115.0.5790.110)
For documentation on this error, please visit: https://www.selenium.dev/documentation/webdriver/troubleshooting/errors#invalid-selector-exception
Build info: version: '4.10.0', revision: 'c14d967899'
System info: os.name: 'Windows 11', os.arch: 'amd64', os.version: '10.0', java.version: '17.0.7'
Driver info: org.openqa.selenium.chrome.ChromeDriver
Command: [e488759c876abc623bb9bd88f1dd3619, findElement {using=xpath, value=//div[text()='Users']ancestor::a/img}]
Capabilities {acceptInsecureCerts: false, browserName: chrome, browserVersion: 115.0.5790.110, chrome: {chromedriverVersion: 114.0.5735.90 (386bc09e8f4f..., userDataDir: C:\Users\OMKARJ~1\AppData\L...}, goog:chromeOptions: {debuggerAddress: localhost:62574}, networkConnectionEnabled: false, pageLoadStrategy: normal, platformName: windows, proxy: Proxy(), se:cdp: ws://localhost:62574/devtoo..., se:cdpVersion: 115.0.5790.110, setWindowRect: true, strictFileInteractability: false, timeouts: {implicit: 0, pageLoad: 300000, script: 30000}, unhandledPromptBehavior: dismiss and notify, webauthn:extension:credBlob: true, webauthn:extension:largeBlob: true, webauthn:extension:minPinLength: true, webauthn:extension:prf: true, webauthn:virtualAuthenticators: true}
Session ID: e488759c876abc623bb9bd88f1dd3619]]>
            </message>
            <full-stacktrace>
              <![CDATA[org.openqa.selenium.InvalidSelectorException: invalid selector: Unable to locate an element with the xpath expression //div[text()='Users']ancestor::a/img because of the following error:
SyntaxError: Failed to execute 'evaluate' on 'Document': The string '//div[text()='Users']ancestor::a/img' is not a valid XPath expression.
  (Session info: chrome=115.0.5790.110)
For documentation on this error, please visit: https://www.selenium.dev/documentation/webdriver/troubleshooting/errors#invalid-selector-exception
Build info: version: '4.10.0', revision: 'c14d967899'
System info: os.name: 'Windows 11', os.arch: 'amd64', os.version: '10.0', java.version: '17.0.7'
Driver info: org.openqa.selenium.chrome.ChromeDriver
Command: [e488759c876abc623bb9bd88f1dd3619, findElement {using=xpath, value=//div[text()='Users']ancestor::a/img}]
Capabilities {acceptInsecureCerts: false, browserName: chrome, browserVersion: 115.0.5790.110, chrome: {chromedriverVersion: 114.0.5735.90 (386bc09e8f4f..., userDataDir: C:\Users\OMKARJ~1\AppData\L...}, goog:chromeOptions: {debuggerAddress: localhost:62574}, networkConnectionEnabled: false, pageLoadStrategy: normal, platformName: windows, proxy: Proxy(), se:cdp: ws://localhost:62574/devtoo..., se:cdpVersion: 115.0.5790.110, setWindowRect: true, strictFileInteractability: false, timeouts: {implicit: 0, pageLoad: 300000, script: 30000}, unhandledPromptBehavior: dismiss and notify, webauthn:extension:credBlob: true, webauthn:extension:largeBlob: true, webauthn:extension:minPinLength: true, webauthn:extension:prf: true, webauthn:virtualAuthenticators: true}
Session ID: e488759c876abc623bb9bd88f1dd3619
at java.base/jdk.internal.reflect.NativeConstructorAccessorImpl.newInstance0(Native Method)
at java.base/jdk.internal.reflect.NativeConstructorAccessorImpl.newInstance(NativeConstructorAccessorImpl.java:77)
at java.base/jdk.internal.reflect.DelegatingConstructorAccessorImpl.newInstance(DelegatingConstructorAccessorImpl.java:45)
at java.base/java.lang.reflect.Constructor.newInstanceWithCaller(Constructor.java:499)
at java.base/java.lang.reflect.Constructor.newInstance(Constructor.java:480)
at org.openqa.selenium.remote.codec.w3c.W3CHttpResponseCodec.createException(W3CHttpResponseCodec.java:199)
at org.openqa.selenium.remote.codec.w3c.W3CHttpResponseCodec.decode(W3CHttpResponseCodec.java:132)
at org.openqa.selenium.remote.codec.w3c.W3CHttpResponseCodec.decode(W3CHttpResponseCodec.java:51)
at org.openqa.selenium.remote.HttpCommandExecutor.execute(HttpCommandExecutor.java:191)
at org.openqa.selenium.remote.service.DriverCommandExecutor.invokeExecute(DriverCommandExecutor.java:196)
at org.openqa.selenium.remote.service.DriverCommandExecutor.execute(DriverCommandExecutor.java:171)
at org.openqa.selenium.remote.RemoteWebDriver.execute(RemoteWebDriver.java:531)
at org.openqa.selenium.remote.ElementLocation$ElementFinder$2.findElement(ElementLocation.java:165)
at org.openqa.selenium.remote.ElementLocation.findElement(ElementLocation.java:59)
at org.openqa.selenium.remote.RemoteWebDriver.findElement(RemoteWebDriver.java:350)
at org.openqa.selenium.remote.RemoteWebDriver.findElement(RemoteWebDriver.java:344)
at testNGpack3.TestCase.createUser(TestCase.java:40)
at java.base/jdk.internal.reflect.NativeMethodAccessorImpl.invoke0(Native Method)
at java.base/jdk.internal.reflect.NativeMethodAccessorImpl.invoke(NativeMethodAccessorImpl.java:77)
at java.base/jdk.internal.reflect.DelegatingMethodAccessorImpl.invoke(DelegatingMethodAccessorImpl.java:43)
at java.base/java.lang.reflect.Method.invoke(Method.java:568)
at org.testng.internal.invokers.MethodInvocationHelper.invokeMethod(MethodInvocationHelper.java:139)
at org.testng.internal.invokers.TestInvoker.invokeMethod(TestInvoker.java:664)
at org.testng.internal.invokers.TestInvoker.invokeTestMethod(TestInvoker.java:227)
at org.testng.internal.invokers.MethodRunner.runInSequence(MethodRunner.java:50)
at org.testng.internal.invokers.TestInvoker$MethodInvocationAgent.invoke(TestInvoker.java:957)
at org.testng.internal.invokers.TestInvoker.invokeTestMethods(TestInvoker.java:200)
at org.testng.internal.invokers.TestMethodWorker.invokeTestMethods(TestMethodWorker.java:148)
at org.testng.internal.invokers.TestMethodWorker.run(TestMethodWorker.java:128)
at java.base/java.util.ArrayList.forEach(ArrayList.java:1511)
at org.testng.TestRunner.privateRun(TestRunner.java:848)
at org.testng.TestRunner.run(TestRunner.java:621)
at org.testng.SuiteRunner.runTest(SuiteRunner.java:443)
at org.testng.SuiteRunner.runSequentially(SuiteRunner.java:437)
at org.testng.SuiteRunner.privateRun(SuiteRunner.java:397)
at org.testng.SuiteRunner.run(SuiteRunner.java:336)
at org.testng.SuiteRunnerWorker.runSuite(SuiteRunnerWorker.java:52)
at org.testng.SuiteRunnerWorker.run(SuiteRunnerWorker.java:95)
at org.testng.TestNG.runSuitesSequentially(TestNG.java:1280)
at org.testng.TestNG.runSuitesLocally(TestNG.java:1200)
at org.testng.TestNG.runSuites(TestNG.java:1114)
at org.testng.TestNG.run(TestNG.java:1082)
at org.testng.remote.AbstractRemoteTestNG.run(AbstractRemoteTestNG.java:115)
at org.testng.remote.RemoteTestNG.initAndRun(RemoteTestNG.java:251)
at org.testng.remote.RemoteTestNG.main(RemoteTestNG.java:77)
]]>
            </full-stacktrace>
          </exception> <!-- org.openqa.selenium.InvalidSelectorException -->
          <reporter-output>
            <line>
              <![CDATA[Test Start]]>
            </line>
            <line>
              <![CDATA[This method is failed and take Screenshot :createUser]]>
            </line>
          </reporter-output>
        </test-method> <!-- createUser -->
        <test-method is-config="true" signature="tearDown()[pri:0, instance:testNGpack3.TestCase@235ecd9f]" started-at="2023-07-27T19:24:31 IST" name="tearDown" finished-at="2023-07-27T19:24:31 IST" duration-ms="200" status="PASS">
          <reporter-output>
          </reporter-output>
        </test-method> <!-- tearDown -->
        <test-method signature="logoutMethod()[pri:0, instance:testNGpack3.TestCase@235ecd9f]" started-at="2023-07-27T19:24:31 IST" name="logoutMethod" finished-at="2023-07-27T19:24:31 IST" depends-on-methods="testNGpack3.TestCase.createUser" duration-ms="0" status="SKIP">
          <exception class="java.lang.Throwable">
            <message>
              <![CDATA[Method testNGpack3.TestCase.logoutMethod() on instance testNGpack3.TestCase@235ecd9f depends on not successfully finished methods 
[testNGpack3.TestCase.createUser() on instance testNGpack3.TestCase@235ecd9f]]]>
            </message>
            <full-stacktrace>
              <![CDATA[java.lang.Throwable: Method testNGpack3.TestCase.logoutMethod() on instance testNGpack3.TestCase@235ecd9f depends on not successfully finished methods 
[testNGpack3.TestCase.createUser() on instance testNGpack3.TestCase@235ecd9f]
at org.testng.internal.invokers.TestInvoker.invokeTestMethods(TestInvoker.java:156)
at org.testng.internal.invokers.TestMethodWorker.invokeTestMethods(TestMethodWorker.java:148)
at org.testng.internal.invokers.TestMethodWorker.run(TestMethodWorker.java:128)
at java.base/java.util.ArrayList.forEach(ArrayList.java:1511)
at org.testng.TestRunner.privateRun(TestRunner.java:848)
at org.testng.TestRunner.run(TestRunner.java:621)
at org.testng.SuiteRunner.runTest(SuiteRunner.java:443)
at org.testng.SuiteRunner.runSequentially(SuiteRunner.java:437)
at org.testng.SuiteRunner.privateRun(SuiteRunner.java:397)
at org.testng.SuiteRunner.run(SuiteRunner.java:336)
at org.testng.SuiteRunnerWorker.runSuite(SuiteRunnerWorker.java:52)
at org.testng.SuiteRunnerWorker.run(SuiteRunnerWorker.java:95)
at org.testng.TestNG.runSuitesSequentially(TestNG.java:1280)
at org.testng.TestNG.runSuitesLocally(TestNG.java:1200)
at org.testng.TestNG.runSuites(TestNG.java:1114)
at org.testng.TestNG.run(TestNG.java:1082)
at org.testng.remote.AbstractRemoteTestNG.run(AbstractRemoteTestNG.java:115)
at org.testng.remote.RemoteTestNG.initAndRun(RemoteTestNG.java:251)
at org.testng.remote.RemoteTestNG.main(RemoteTestNG.java:77)
]]>
            </full-stacktrace>
          </exception> <!-- java.lang.Throwable -->
          <reporter-output>
            <line>
              <![CDATA[Test Skip]]>
            </line>
            <line>
              <![CDATA[Test Finished]]>
            </line>
          </reporter-output>
        </test-method> <!-- logoutMethod -->
      </class> <!-- testNGpack3.TestCase -->
    </test> <!-- Default test -->
  </suite> <!-- Default suite -->
</testng-results>
