<?xml version="1.0" encoding="UTF-8"?>
<!-- Generated by org.testng.reporters.JUnitXMLReporter -->
<testsuite ignored="1" hostname="LAPTOP-BK4MAGLA" failures="1" tests="1" name="Test(failed)" time="0.066" errors="0" timestamp="2023-07-17T18:59:03 IST">
  <testcase classname="testNGpack2.Demo2" name="method4" time="0.01">
    <failure type="java.lang.ArithmeticException" message="/ by zero">
      <![CDATA[java.lang.ArithmeticException: / by zero
at testNGpack2.Demo2.method4(Demo2.java:16)
at java.base/java.util.ArrayList.forEach(ArrayList.java:1511)
... Removed 27 stack frames]]>
    </failure>
  </testcase> <!-- method4 -->
  <testcase classname="testNGpack2.Demo2" name="methhod3" time="0.0">
    <ignored/>
  </testcase> <!-- methhod3 -->
</testsuite> <!-- Test(failed) -->
